0 info it worked if it ends with ok
1 verbose cli [ '/usr/local/bin/node', '/usr/local/bin/npm', 'run', 'bundle' ]
2 info using npm@3.10.10
3 info using node@v6.9.4
4 verbose run-script [ 'prebundle', 'bundle', 'postbundle' ]
5 info lifecycle unnamed@1.0.0~prebundle: unnamed@1.0.0
6 silly lifecycle unnamed@1.0.0~prebundle: no script for prebundle, continuing
7 info lifecycle unnamed@1.0.0~bundle: unnamed@1.0.0
8 verbose lifecycle unnamed@1.0.0~bundle: unsafe-perm in lifecycle true
9 verbose lifecycle unnamed@1.0.0~bundle: PATH: /usr/local/lib/node_modules/npm/bin/node-gyp-bin:/Users/lisahoong/horizons/unnamed/node_modules/.bin:/usr/local/bin:/usr/bin:/bin:/usr/sbin:/sbin:/opt/X11/bin:/Library/TeX/texbin
10 verbose lifecycle unnamed@1.0.0~bundle: CWD: /Users/lisahoong/horizons/unnamed
11 silly lifecycle unnamed@1.0.0~bundle: Args: [ '-c', 'webpack' ]
12 info lifecycle unnamed@1.0.0~bundle: Failed to exec bundle script
13 verbose stack Error: unnamed@1.0.0 bundle: `webpack`
13 verbose stack spawn ENOENT
13 verbose stack     at ChildProcess.<anonymous> (/usr/local/lib/node_modules/npm/lib/utils/spawn.js:33:16)
13 verbose stack     at emitTwo (events.js:106:13)
13 verbose stack     at ChildProcess.emit (events.js:191:7)
13 verbose stack     at maybeClose (internal/child_process.js:877:16)
13 verbose stack     at Process.ChildProcess._handle.onexit (internal/child_process.js:226:5)
14 verbose pkgid unnamed@1.0.0
15 verbose cwd /Users/lisahoong/horizons/unnamed/client
16 error Darwin 16.4.0
17 error argv "/usr/local/bin/node" "/usr/local/bin/npm" "run" "bundle"
18 error node v6.9.4
19 error npm  v3.10.10
20 error file sh
21 error code ELIFECYCLE
22 error errno ENOENT
23 error syscall spawn
24 error unnamed@1.0.0 bundle: `webpack`
24 error spawn ENOENT
25 error Failed at the unnamed@1.0.0 bundle script 'webpack'.
25 error Make sure you have the latest version of node.js and npm installed.
25 error If you do, this is most likely a problem with the unnamed package,
25 error not with npm itself.
25 error Tell the author that this fails on your system:
25 error     webpack
25 error You can get information on how to open an issue for this project with:
25 error     npm bugs unnamed
25 error Or if that isn't available, you can get their info via:
25 error     npm owner ls unnamed
25 error There is likely additional logging output above.
26 verbose exit [ 1, true ]
